<?xml version="1.0" encoding="UTF-8"?>
<!-- Generated by org.testng.reporters.JUnitReportReporter -->
<testsuite hostname="PC1" failures="0" tests="4" name="TestNG.demo51" time="0.009" errors="0" timestamp="2022-08-19T23:00:51 IST" skipped="0">
  <testcase classname="TestNG.demo51" name="abc" time="0.007"/>
  <system-out/>
  <testcase classname="TestNG.demo51" name="xtz" time="0.001"/>
  <system-out/>
  <testcase classname="TestNG.demo51" name="pqr" time="0.001"/>
  <system-out/>
  <testcase classname="TestNG.demo51" name="xbc" time="0.000"/>
  <system-out/>
</testsuite> <!-- TestNG.demo51 -->
