<?xml version="1.0" encoding="UTF-8"?>
<!-- Generated by org.testng.reporters.JUnitReportReporter -->
<testsuite hostname="PC1" failures="0" tests="3" name="TestNG.demo4" time="0.010" errors="0" timestamp="2022-08-20T07:44:22 IST" skipped="0">
  <testcase classname="TestNG.demo4" name="abc" time="0.008"/>
  <system-out/>
  <testcase classname="TestNG.demo4" name="xyz" time="0.001"/>
  <system-out/>
  <testcase classname="TestNG.demo4" name="pqr" time="0.001"/>
  <system-out/>
</testsuite> <!-- TestNG.demo4 -->
