<?xml version="1.0" encoding="UTF-8"?>
<!-- Generated by org.testng.reporters.JUnitReportReporter -->
<testsuite hostname="PC1" failures="0" tests="2" name="TestNG.Demo5" time="0.006" errors="0" timestamp="2022-08-09T15:23:29 IST" skipped="0">
  <testcase classname="TestNG.Demo5" name="abc" time="0.004"/>
  <system-out/>
  <testcase classname="TestNG.Demo5" name="xyz" time="0.002"/>
  <system-out/>
</testsuite> <!-- TestNG.Demo5 -->
