<?xml version="1.0" encoding="UTF-8"?>
<!-- Generated by org.testng.reporters.JUnitReportReporter -->
<testsuite hostname="PC1" failures="0" tests="4" name="TestNG.demo6$HomePageTest" time="0.031" errors="0" timestamp="2022-08-06T12:49:39 IST" skipped="0">
  <testcase classname="TestNG.demo6$HomePageTest" name="validateHomePageLogo" time="0.020"/>
  <system-out/>
  <testcase classname="TestNG.demo6$HomePageTest" name="validateHomePageUrl" time="0.003"/>
  <system-out/>
  <testcase classname="TestNG.demo6$HomePageTest" name="validateHomePageTitle" time="0.002"/>
  <system-out/>
  <testcase classname="TestNG.demo6$HomePageTest" name="validateHomePagePimLink" time="0.006"/>
  <system-out/>
</testsuite> <!-- TestNG.demo6$HomePageTest -->
