<?xml version="1.0" encoding="UTF-8"?>
<!-- Generated by org.testng.reporters.JUnitReportReporter -->
<testsuite hostname="PC1" failures="0" tests="3" name="TestNG.demo31" time="0.014" errors="0" timestamp="2022-08-19T11:19:52 IST" skipped="0">
  <testcase classname="TestNG.demo31" name="xyz" time="0.005"/>
  <system-out/>
  <testcase classname="TestNG.demo31" name="pqr" time="0.001"/>
  <system-out/>
  <testcase classname="TestNG.demo31" name="abc" time="0.008"/>
  <system-out/>
</testsuite> <!-- TestNG.demo31 -->
