<?xml version="1.0" encoding="UTF-8"?>
<!-- Generated by org.testng.reporters.JUnitReportReporter -->
<testsuite hostname="PC1" failures="0" tests="4" name="TestNG.HomePageTest" time="0.018" errors="0" timestamp="2022-08-06T12:52:58 IST" skipped="0">
  <testcase classname="TestNG.HomePageTest" name="validateHomePageTitle" time="0.007"/>
  <system-out/>
  <testcase classname="TestNG.HomePageTest" name="validateHomePagePimLink" time="0.001"/>
  <system-out/>
  <testcase classname="TestNG.HomePageTest" name="validateHomePageLogo" time="0.006"/>
  <system-out/>
  <testcase classname="TestNG.HomePageTest" name="validateHomePageUrl" time="0.004"/>
  <system-out/>
</testsuite> <!-- TestNG.HomePageTest -->
