<?xml version="1.0" encoding="UTF-8"?>
<!-- Generated by org.testng.reporters.JUnitReportReporter -->
<testsuite hostname="PC1" failures="0" tests="1" name="TestNG.demo23" time="0.010" errors="0" timestamp="2022-08-10T08:16:55 IST" skipped="0">
  <testcase classname="TestNG.demo23" name="abc" time="0.010"/>
  <system-out/>
</testsuite> <!-- TestNG.demo23 -->
