<?xml version="1.0" encoding="UTF-8"?>
<!-- Generated by org.testng.reporters.JUnitReportReporter -->
<testsuite hostname="PC1" failures="0" tests="3" name="TestNG.demo22" time="0.000" errors="0" timestamp="2022-08-23T16:04:34 IST" skipped="3">
  <testcase classname="TestNG.demo22" name="homepageTitle" time="0.000">
    <skipped/>
  </testcase> <!-- homepageTitle -->
  <system-out/>
  <testcase classname="TestNG.demo22" name="validatehomePageUrl" time="0.000">
    <skipped/>
  </testcase> <!-- validatehomePageUrl -->
  <system-out/>
  <testcase classname="TestNG.demo22" name="homePageLogo" time="0.000">
    <skipped/>
  </testcase> <!-- homePageLogo -->
  <system-out/>
</testsuite> <!-- TestNG.demo22 -->
