<?xml version="1.0" encoding="UTF-8"?>
<!-- Generated by org.testng.reporters.JUnitReportReporter -->
<testsuite hostname="PC1" failures="0" tests="4" name="TestNG.demo21" time="0.010" errors="0" timestamp="2022-08-09T15:51:56 IST" skipped="1">
  <testcase classname="TestNG.demo21" name="login" time="0.006"/>
  <system-out/>
  <testcase classname="TestNG.demo21" name="homepageTitle" time="0.002"/>
  <system-out/>
  <testcase classname="TestNG.demo21" name="pimLink" time="0.002"/>
  <system-out/>
  <testcase classname="TestNG.demo21" name="homepageUrl">
    <skipped/>
  </testcase> <!-- homepageUrl -->
  <system-out/>
</testsuite> <!-- TestNG.demo21 -->
