<?xml version="1.0" encoding="UTF-8"?>
<!-- Generated by org.testng.reporters.JUnitReportReporter -->
<testsuite hostname="PC1" failures="0" tests="1" name="TestNG.demo17" time="48.949" errors="0" timestamp="2022-08-06T17:49:26 IST" skipped="0">
  <testcase classname="TestNG.demo17" name="setUp" time="48.949"/>
  <system-out/>
</testsuite> <!-- TestNG.demo17 -->
