<?xml version="1.0" encoding="UTF-8"?>
<!-- Generated by org.testng.reporters.JUnitReportReporter -->
<testsuite hostname="PC1" failures="0" tests="2" name="TestNG.class24" time="0.013" errors="0" timestamp="2022-08-25T17:08:40 IST" skipped="0">
  <testcase classname="TestNG.class24" name="abc" time="0.010"/>
  <system-out/>
  <testcase classname="TestNG.class24" name="pqr" time="0.003"/>
  <system-out/>
</testsuite> <!-- TestNG.class24 -->
