<?xml version="1.0" encoding="UTF-8"?>
<!-- Generated by org.testng.reporters.JUnitReportReporter -->
<testsuite hostname="PC1" failures="0" tests="3" name="TestNG.demo8" time="0.009" errors="0" timestamp="2022-08-06T13:49:49 IST" skipped="0">
  <testcase classname="TestNG.demo8" name="validatePIMLink" time="0.007"/>
  <system-out/>
  <testcase classname="TestNG.demo8" name="addNewUserPIM" time="0.001"/>
  <system-out/>
  <testcase classname="TestNG.demo8" name="searchUserPIM" time="0.001"/>
  <system-out/>
</testsuite> <!-- TestNG.demo8 -->
