<?xml version="1.0" encoding="UTF-8"?>
<!-- Generated by org.testng.reporters.JUnitReportReporter -->
<testsuite hostname="PC1" failures="0" tests="1" name="TestNG.demo10$ChromeDriverDemo1" time="12.079" errors="0" timestamp="2022-08-06T14:05:13 IST" skipped="0">
  <testcase classname="TestNG.demo10$ChromeDriverDemo1" name="setUp" time="12.079"/>
  <system-out/>
</testsuite> <!-- TestNG.demo10$ChromeDriverDemo1 -->
