<?xml version="1.0" encoding="UTF-8"?>
<!-- Generated by org.testng.reporters.JUnitReportReporter -->
<testsuite hostname="PC1" failures="0" tests="3" name="TestNG.demo33" time="0.012" errors="0" timestamp="2022-08-19T11:49:49 IST" skipped="0">
  <testcase classname="TestNG.demo33" name="validatePIMLink" time="0.009"/>
  <system-out/>
  <testcase classname="TestNG.demo33" name="addNewUserPIM" time="0.001"/>
  <system-out/>
  <testcase classname="TestNG.demo33" name="searchUserPIM" time="0.002"/>
  <system-out/>
</testsuite> <!-- TestNG.demo33 -->
