<?xml version="1.0" encoding="UTF-8"?>
<!-- Generated by org.testng.reporters.JUnitReportReporter -->
<testsuite hostname="PC1" failures="0" tests="3" name="TestNG.demo2" time="0.008" errors="0" timestamp="2022-08-06T10:14:31 IST" skipped="0">
  <testcase classname="TestNG.demo2" name="testc" time="0.006"/>
  <system-out/>
  <testcase classname="TestNG.demo2" name="testa" time="0.001"/>
  <system-out/>
  <testcase classname="TestNG.demo2" name="testb" time="0.001"/>
  <system-out/>
</testsuite> <!-- TestNG.demo2 -->
