<?xml version="1.0" encoding="UTF-8"?>
<!-- Generated by org.testng.reporters.JUnitReportReporter -->
<testsuite hostname="PC1" failures="0" tests="1" name="TestNG.chromedriver53" time="6.125" errors="0" timestamp="2022-08-19T23:22:29 IST" skipped="0">
  <testcase classname="TestNG.chromedriver53" name="initlization" time="6.125"/>
  <system-out/>
</testsuite> <!-- TestNG.chromedriver53 -->
