<?xml version="1.0" encoding="UTF-8"?>
<!-- Generated by org.testng.reporters.JUnitReportReporter -->
<testsuite hostname="PC1" failures="0" tests="3" name="TestNG.demo6" time="0.008" errors="0" timestamp="2022-08-09T15:25:38 IST" skipped="1">
  <testcase classname="TestNG.demo6" name="login" time="0.007"/>
  <system-out/>
  <testcase classname="TestNG.demo6" name="HomePageTitle" time="0.001"/>
  <system-out/>
  <testcase classname="TestNG.demo6" name="HomePageUrl">
    <skipped/>
  </testcase> <!-- HomePageUrl -->
  <system-out/>
</testsuite> <!-- TestNG.demo6 -->
