<?xml version="1.0" encoding="UTF-8"?>
<!-- Generated by org.testng.reporters.JUnitReportReporter -->
<testsuite hostname="PC1" failures="0" tests="3" name="TestNG.demo1" time="0.008" errors="0" timestamp="2022-08-25T17:08:53 IST" skipped="0">
  <testcase classname="TestNG.demo1" name="testa" time="0.006"/>
  <system-out/>
  <testcase classname="TestNG.demo1" name="testb" time="0.001"/>
  <system-out/>
  <testcase classname="TestNG.demo1" name="testc" time="0.001"/>
  <system-out/>
</testsuite> <!-- TestNG.demo1 -->
