<?xml version="1.0" encoding="UTF-8"?>
<!-- Generated by org.testng.reporters.JUnitReportReporter -->
<testsuite hostname="PC1" failures="0" tests="1" name="TestNG.edgedriver53" time="10.426" errors="0" timestamp="2022-08-19T23:22:29 IST" skipped="0">
  <testcase classname="TestNG.edgedriver53" name="initlization" time="10.426"/>
  <system-out/>
</testsuite> <!-- TestNG.edgedriver53 -->
